H8S,H8/300 SERIES C COMPILER (Ver. 2.0D for Evaluation) 6-Oct-2014  12:12:58  PAGE   1

************ SOURCE LISTING ************

FILE NAME: sample.c

  Seq File        Line Pi 0----+----1----+----2----+----3----+----4----+----5----+----6----+----7----+----8----+----9----+----0----+
    1 sample.c       1     #define P5DDR (*(volatile unsigned char *)0xEE004)
    2 sample.c       2     #define PADDR (*(volatile unsigned char *)0xEE009)
    3 sample.c       3     #define P5DR (*(volatile unsigned char *)0xFFFD4)
    4 sample.c       4     #define PADR (*(volatile unsigned char *)0xFFFD9)
    5 sample.c       5     #define P5PCR (*(volatile unsigned char *)0xEE03F)
    6 sample.c       6     
    7 sample.c       7     void main(void)
    8 sample.c       8     {
    9 sample.c       9       P5DDR = 0xF0;
   10 sample.c      10       P5PCR = 0xFF;
   11 sample.c      11     
   12 sample.c      12       PADDR = 0xFF;
   13 sample.c      13       PADR = 0xFF;
   14 sample.c      14     
   15 sample.c      15       while(1)
   16 sample.c      16       {
   17 sample.c      17         if(P5DR == 0xFD){
   18 sample.c      18           PADR = 0xFB;
   19 sample.c      19         }
   20 sample.c      20         else if(P5DR == 0xFE){
   21 sample.c      21           PADR = 0xF7;
   22 sample.c      22         }
   23 sample.c      23         else{
   24 sample.c      24           PADR = 0xFF;
   25 sample.c      25         }
   26 sample.c      26       }
   27 sample.c      27     }
H8S,H8/300 SERIES C COMPILER (Ver. 2.0D for Evaluation) 6-Oct-2014  12:12:58  PAGE   1

******* SECTION SIZE INFORMATION *******

PROGRAM  SECTION(P):                                0x00000042 Byte(s)
CONSTANT SECTION(C):                                0x00000000 Byte(s)
DATA     SECTION(D):                                0x00000000 Byte(s)
BSS      SECTION(B):                                0x00000000 Byte(s)

TOTAL PROGRAM  SECTION: 0x00000042 Byte(s)
TOTAL CONSTANT SECTION: 0x00000000 Byte(s)
TOTAL DATA     SECTION: 0x00000000 Byte(s)
TOTAL BSS      SECTION: 0x00000000 Byte(s)

    TOTAL PROGRAM SIZE: 0x00000042 Byte(s)



** ASSEMBLER/LINKAGE EDITOR LIMITS INFORMATION **

NUMBER OF EXTERNAL REFERENCE  SYMBOLS:        0 
NUMBER OF EXTERNAL DEFINITION SYMBOLS:        1 
NUMBER OF INTERNAL/EXTERNAL SYMBOLS:          5 



********* CPU MODE INFORMATION *********

cpu=300ha
