H8S,H8/300 SERIES C COMPILER (Ver. 2.0D for Evaluation)15-Dec-2007  11:05:29  PAGE   1

************ SOURCE LISTING ************

FILE NAME: ex3_1.c

  Seq File        Line Pi 0----+----1----+----2----+----3----+----4----+----5----+----6----+----7----+----8----+----9----+----0----+
    1 ex3_1.c        1     /* I/Oポートのレジスタ */
    2 ex3_1.c        2     #define P5DDR  (*(volatile unsigned char  *)0xEE004)
    3 ex3_1.c        3     #define PADDR  (*(volatile unsigned char  *)0xEE009)
    4 ex3_1.c        4     #define P5DR   (*(volatile unsigned char  *)0xFFFD4)
    5 ex3_1.c        5     #define PADR   (*(volatile unsigned char  *)0xFFFD9)
    6 ex3_1.c        6     #define P5PCR  (*(volatile unsigned char  *)0xEE03F)
    7 ex3_1.c        7     
    8 ex3_1.c        8     void main(void)
    9 ex3_1.c        9     {
   10 ex3_1.c       10        P5DDR = 0xF0; /* P50〜P53を入力端子として設定する */
   11 ex3_1.c       11        P5PCR = 0xFF; /* P50〜P53のプルアップ回路を有効にする */
   12 ex3_1.c       12        
   13 ex3_1.c       13        PADDR = 0xFF; /* PA0〜PA7を出力端子として設定する */
   14 ex3_1.c       14        PADR = 0xFF; /* PA0〜PA7の初期値を1に設定する */
   15 ex3_1.c       15        
   16 ex3_1.c       16        while (1) /* 無限ループ */
   17 ex3_1.c       17        {
   18 ex3_1.c       18           if (P5DR == 0xFD) /* ONスイッチだけを押したとき */
   19 ex3_1.c       19           {
   20 ex3_1.c       20              PADR = 0xFB; /* LED(D8)だけが発光する */
   21 ex3_1.c       21           }
   22 ex3_1.c       22           else if (P5DR == 0xFE) /* OFFスイッチだけを押したとき */
   23 ex3_1.c       23           {
   24 ex3_1.c       24              PADR = 0xF7; /* LED(D9)だけが発光する */
   25 ex3_1.c       25           }
   26 ex3_1.c       26           else /* それ以外のとき */
   27 ex3_1.c       27           {
   28 ex3_1.c       28              PADR = 0xFF; /* どちらのLEDも発光しない */
   29 ex3_1.c       29           }
   30 ex3_1.c       30        }
   31 ex3_1.c       31     }
H8S,H8/300 SERIES C COMPILER (Ver. 2.0D for Evaluation)15-Dec-2007  11:05:29  PAGE   1

******* SECTION SIZE INFORMATION *******

PROGRAM  SECTION(P):                                0x00000042 Byte(s)
CONSTANT SECTION(C):                                0x00000000 Byte(s)
DATA     SECTION(D):                                0x00000000 Byte(s)
BSS      SECTION(B):                                0x00000000 Byte(s)

TOTAL PROGRAM  SECTION: 0x00000042 Byte(s)
TOTAL CONSTANT SECTION: 0x00000000 Byte(s)
TOTAL DATA     SECTION: 0x00000000 Byte(s)
TOTAL BSS      SECTION: 0x00000000 Byte(s)

    TOTAL PROGRAM SIZE: 0x00000042 Byte(s)



** ASSEMBLER/LINKAGE EDITOR LIMITS INFORMATION **

NUMBER OF EXTERNAL REFERENCE  SYMBOLS:        0 
NUMBER OF EXTERNAL DEFINITION SYMBOLS:        1 
NUMBER OF INTERNAL/EXTERNAL SYMBOLS:          5 



********* CPU MODE INFORMATION *********

cpu=300ha
